Determining if the pthread_create exist failed with the following output:
Change Dir: /home/yizhuang/catkin_ws/build/CMakeFiles/CMakeTmp

Run Build Command:/usr/bin/make "cmTryCompileExec2666722576/fast"
/usr/bin/make -f CMakeFiles/cmTryCompileExec2666722576.dir/build.make CMakeFiles/cmTryCompileExec2666722576.dir/build
make[1]: Entering directory `/home/yizhuang/catkin_ws/build/CMakeFiles/CMakeTmp'
/usr/bin/cmake -E cmake_progress_report /home/yizhuang/catkin_ws/build/CMakeFiles/CMakeTmp/CMakeFiles 1
Building C object CMakeFiles/cmTryCompileExec2666722576.dir/CheckSymbolExists.c.o
/usr/bin/cc    -o CMakeFiles/cmTryCompileExec2666722576.dir/CheckSymbolExists.c.o   -c /home/yizhuang/catkin_ws/build/CMakeFiles/CMakeTmp/CheckSymbolExists.c
Linking C executable cmTryCompileExec2666722576
/usr/bin/cmake -E cmake_link_script CMakeFiles/cmTryCompileExec2666722576.dir/link.txt --verbose=1
/usr/bin/cc       CMakeFiles/cmTryCompileExec2666722576.dir/CheckSymbolExists.c.o  -o cmTryCompileExec2666722576 -rdynamic 
CMakeFiles/cmTryCompileExec2666722576.dir/CheckSymbolExists.c.o: In function `main':
CheckSymbolExists.c:(.text+0xa): undefined reference to `pthread_create'
collect2: error: ld returned 1 exit status
make[1]: *** [cmTryCompileExec2666722576] Error 1
make[1]: Leaving directory `/home/yizhuang/catkin_ws/build/CMakeFiles/CMakeTmp'
make: *** [cmTryCompileExec2666722576/fast] Error 2

File /home/yizhuang/catkin_ws/build/CMakeFiles/CMakeTmp/CheckSymbolExists.c:
/* */
#include <pthread.h>

int main(int argc, char** argv)
{
  (void)argv;
#ifndef pthread_create
  return ((int*)(&pthread_create))[argc];
#else
  (void)argc;
  return 0;
#endif
}

Determining if the function pthread_create exists in the pthreads failed with the following output:
Change Dir: /home/yizhuang/catkin_ws/build/CMakeFiles/CMakeTmp

Run Build Command:/usr/bin/make "cmTryCompileExec1943023752/fast"
/usr/bin/make -f CMakeFiles/cmTryCompileExec1943023752.dir/build.make CMakeFiles/cmTryCompileExec1943023752.dir/build
make[1]: Entering directory `/home/yizhuang/catkin_ws/build/CMakeFiles/CMakeTmp'
/usr/bin/cmake -E cmake_progress_report /home/yizhuang/catkin_ws/build/CMakeFiles/CMakeTmp/CMakeFiles 1
Building C object CMakeFiles/cmTryCompileExec1943023752.dir/CheckFunctionExists.c.o
/usr/bin/cc   -DCHECK_FUNCTION_EXISTS=pthread_create   -o CMakeFiles/cmTryCompileExec1943023752.dir/CheckFunctionExists.c.o   -c /usr/share/cmake-2.8/Modules/CheckFunctionExists.c
Linking C executable cmTryCompileExec1943023752
/usr/bin/cmake -E cmake_link_script CMakeFiles/cmTryCompileExec1943023752.dir/link.txt --verbose=1
/usr/bin/cc   -DCHECK_FUNCTION_EXISTS=pthread_create    CMakeFiles/cmTryCompileExec1943023752.dir/CheckFunctionExists.c.o  -o cmTryCompileExec1943023752 -rdynamic -lpthreads 
/usr/bin/ld: cannot find -lpthreads
collect2: error: ld returned 1 exit status
make[1]: *** [cmTryCompileExec1943023752] Error 1
make[1]: Leaving directory `/home/yizhuang/catkin_ws/build/CMakeFiles/CMakeTmp'
make: *** [cmTryCompileExec1943023752/fast] Error 2


